[BankCollect Service Started] 
2019-12-24 12:13:00,027 [DefaultQuartzScheduler_Worker-4] INFOINFO EmailPushMaintener_SettlementLogger - <<<Maintenance Job Started>>>
2019-12-24 12:13:00,147 [DefaultQuartzScheduler_Worker-4] INFO  EmailPushMaintener_SettlementLogger - Maintenance job started ...
2019-12-24 12:13:09,641 [DefaultQuartzScheduler_Worker-4] INFO  EmailPushMaintener_SettlementLogger - Maintenance job done ...
2019-12-24 12:13:09,642 [DefaultQuartzScheduler_Worker-4] INFO  EmailPushMaintener_SettlementLogger - <<<Maintenance Job Ended>>>
2019-12-24 12:14:00,020 [DefaultQuartzScheduler_Worker-8] INFO  EmailPushMaintener_SettlementLogger - <<<Maintenance Job Started>>>
2019-12-24 12:14:00,020 [DefaultQuartzScheduler_Worker-8] INFO  EmailPushMaintener_SettlementLogger - Maintenance job started ...
2019-12-24 12:14:08,510 [DefaultQuartzScheduler_Worker-8] INFO  EmailPushMaintener_SettlementLogger - Maintenance job done ...
2019-12-24 12:14:08,510 [DefaultQuartzScheduler_Worker-8] INFO  EmailPushMaintener_SettlementLogger - <<<Maintenance Job Ended>>>
2019-12-24 12:15:00,015 [DefaultQuartzScheduler_Worker-2] INFO  EmailPushMaintener_SettlementLogger - <<<Maintenance Job Started>>>
2019-12-24 12:15:00,016 [DefaultQuartzScheduler_Worker-2] INFO  EmailPushMaintener_SettlementLogger - Maintenance job started ...
2019-12-24 12:15:04,221 [DefaultQuartzScheduler_Worker-2] INFO  EmailPushMaintener_SettlementLogger - Maintenance job done ...
2019-12-24 12:15:04,221 [DefaultQuartzScheduler_Worker-2] INFO  EmailPushMaintener_SettlementLogger - <<<Maintenance Job Ended>>>
2019-12-24 12:16:00,017 [DefaultQuartzScheduler_Worker-6] INFO  EmailPushMaintener_SettlementLogger - <<<Maintenance Job Started>>>
2019-12-24 12:16:00,017 [DefaultQuartzScheduler_Worker-6] INFO  EmailPushMaintener_SettlementLogger - Maintenance job started ...
2019-12-24 12:16:08,545 [DefaultQuartzScheduler_Worker-6] INFO  EmailPushMaintener_SettlementLogger - Maintenance job done ...
2019-12-24 12:16:08,545 [DefaultQuartzScheduler_Worker-6] INFO  EmailPushMaintener_SettlementLogger - <<<Maintenance Job Ended>>>
2019-12-24 12:17:00,010 [DefaultQuartzScheduler_Worker-9] INFO  EmailPushMaintener_SettlementLogger - <<<Maintenance Job Started>>>
2019-12-24 12:17:00,010 [DefaultQuartzScheduler_Worker-9] INFO  EmailPushMaintener_SettlementLogger - Maintenance job started ...
2019-12-24 12:17:10,318 [DefaultQuartzScheduler_Worker-9] INFO  EmailPushMaintener_SettlementLogger - Maintenance job done ...
2019-12-24 12:17:10,318 [DefaultQuartzScheduler_Worker-9] INFO  EmailPushMaintener_SettlementLogger - <<<Maintenance Job Ended>>>
2019-12-24 12:18:00,016 [DefaultQuartzScheduler_Worker-1] INFO  EmailPushMaintener_SettlementLogger - <<<Maintenance Job Started>>>
2019-12-24 12:18:00,016 [DefaultQuartzScheduler_Worker-1] INFO  EmailPushMaintener_SettlementLogger - Maintenance job started ...
2019-12-24 12:18:05,602 [DefaultQuartzScheduler_Worker-1] INFO  EmailPushMaintener_SettlementLogger - Maintenance job done ...
2019-12-24 12:18:05,602 [DefaultQuartzScheduler_Worker-1] INFO  EmailPushMaintener_SettlementLogger - <<<Maintenance Job Ended>>>
2019-12-24 12:19:00,015 [DefaultQuartzScheduler_Worker-7] INFO  EmailPushMaintener_SettlementLogger - <<<Maintenance Job Started>>>
2019-12-24 12:19:00,015 [DefaultQuartzScheduler_Worker-7] INFO  EmailPushMaintener_SettlementLogger - Maintenance job started ...
2019-12-24 12:19:05,433 [DefaultQuartzScheduler_Worker-7] INFO  EmailPushMaintener_SettlementLogger - Maintenance job done ...
2019-12-24 12:19:05,433 [DefaultQuartzScheduler_Worker-7] INFO  EmailPushMaintener_SettlementLogger - <<<Maintenance Job Ended>>>
2019-12-24 12:20:00,014 [DefaultQuartzScheduler_Worker-3] INFO  EmailPushMaintener_SettlementLogger - <<<Maintenance Job Started>>>
2019-12-24 12:20:00,014 [DefaultQuartzScheduler_Worker-3] INFO  EmailPushMaintener_SettlementLogger - Maintenance job started ...
2019-12-24 12:20:09,136 [DefaultQuartzScheduler_Worker-3] INFO  EmailPushMaintener_SettlementLogger - Maintenance job done ...
2019-12-24 12:20:09,136 [DefaultQuartzScheduler_Worker-3] INFO  EmailPushMaintener_SettlementLogger - <<<Maintenance Job Ended>>>
2019-12-24 12:21:00,011 [DefaultQuartzScheduler_Worker-5] INFO  EmailPushMaintener_SettlementLogger - <<<Maintenance Job Started>>>
2019-12-24 12:21:00,011 [DefaultQuartzScheduler_Worker-5] INFO  EmailPushMaintener_SettlementLogger - Maintenance job started ...
2019-12-24 12:21:11,283 [DefaultQuartzScheduler_Worker-5] INFO  EmailPushMaintener_SettlementLogger - Maintenance job done ...
2019-12-24 12:21:11,283 [DefaultQuartzScheduler_Worker-5] INFO  EmailPushMaintener_SettlementLogger - <<<Maintenance Job Ended>>>
2019-12-24 12:22:00,019 [DefaultQuartzScheduler_Worker-9] INFO  EmailPushMaintener_SettlementLogger - <<<Maintenance Job Started>>>
2019-12-24 12:22:00,019 [DefaultQuartzScheduler_Worker-9] INFO  EmailPushMaintener_SettlementLogger - Maintenance job started ...
2019-12-24 12:22:12,633 [DefaultQuartzScheduler_Worker-9] INFO  EmailPushMaintener_SettlementLogger - Maintenance job done ...
2019-12-24 12:22:12,633 [DefaultQuartzScheduler_Worker-9] INFO  EmailPushMaintener_SettlementLogger - <<<Maintenance Job Ended>>>
2019-12-24 12:23:00,019 [DefaultQuartzScheduler_Worker-2] INFO  EmailPushMaintener_SettlementLogger - <<<Maintenance Job Started>>>
2019-12-24 12:23:00,019 [DefaultQuartzScheduler_Worker-2] INFO  EmailPushMaintener_SettlementLogger - Maintenance job started ...
2019-12-24 12:23:07,597 [DefaultQuartzScheduler_Worker-2] INFO  EmailPushMaintener_SettlementLogger - Maintenance job done ...
2019-12-24 12:23:07,597 [DefaultQuartzScheduler_Worker-2] INFO  EmailPushMaintener_SettlementLogger - <<<Maintenance Job Ended>>>
2019-12-24 12:24:00,018 [DefaultQuartzScheduler_Worker-8] INFOINFO EmailPushMaintener_SettlementLogger - <<<Maintenance Job Started>>>
2019-12-24 12:24:00,019 [DefaultQuartzScheduler_Worker-8] INFO  EmailPushMaintener_SettlementLogger - Maintenance job started ...
2019-12-24 12:24:09,309 [DefaultQuartzScheduler_Worker-8] INFO  EmailPushMaintener_SettlementLogger - Maintenance job done ...
2019-12-24 12:24:09,309 [DefaultQuartzScheduler_Worker-8] INFO  EmailPushMaintener_SettlementLogger - <<<Maintenance Job Ended>>>
2019-12-24 12:25:00,010 [DefaultQuartzScheduler_Worker-3] INFO  EmailPushMaintener_SettlementLogger - <<<Maintenance Job Started>>>
2019-12-24 12:25:00,010 [DefaultQuartzScheduler_Worker-3] INFO  EmailPushMaintener_SettlementLogger - Maintenance job started ...
2019-12-24 12:25:05,624 [DefaultQuartzScheduler_Worker-3] INFO  EmailPushMaintener_SettlementLogger - Maintenance job done ...
2019-12-24 12:25:05,624 [DefaultQuartzScheduler_Worker-3] INFO  EmailPushMaintener_SettlementLogger - <<<Maintenance Job Ended>>>
2019-12-24 12:26:00,015 [DefaultQuartzScheduler_Worker-5] INFO  EmailPushMaintener_SettlementLogger - <<<Maintenance Job Started>>>
2019-12-24 12:26:00,015 [DefaultQuartzScheduler_Worker-5] INFO  EmailPushMaintener_SettlementLogger - Maintenance job started ...
2019-12-24 12:26:09,523 [DefaultQuartzScheduler_Worker-5] INFO  EmailPushMaintener_SettlementLogger - Maintenance job done ...
2019-12-24 12:26:09,523 [DefaultQuartzScheduler_Worker-5] INFO  EmailPushMaintener_SettlementLogger - <<<Maintenance Job Ended>>>
2019-12-24 12:27:00,017 [DefaultQuartzScheduler_Worker-10] INFO  EmailPushMaintener_SettlementLogger - <<<Maintenance Job Started>>>
2019-12-24 12:27:00,017 [DefaultQuartzScheduler_Worker-10] INFO  EmailPushMaintener_SettlementLogger - Maintenance job started ...
2019-12-24 12:27:09,634 [DefaultQuartzScheduler_Worker-10] INFO  EmailPushMaintener_SettlementLogger - Maintenance job done ...
2019-12-24 12:27:09,634 [DefaultQuartzScheduler_Worker-10] INFO  EmailPushMaintener_SettlementLogger - <<<Maintenance Job Ended>>>
2019-12-24 12:28:00,017 [DefaultQuartzScheduler_Worker-4] INFO  EmailPushMaintener_SettlementLogger - <<<Maintenance Job Started>>>
2019-12-24 12:28:00,017 [DefaultQuartzScheduler_Worker-4] INFO  EmailPushMaintener_SettlementLogger - Maintenance job started ...
2019-12-24 12:28:08,100 [DefaultQuartzScheduler_Worker-4] INFO  EmailPushMaintener_SettlementLogger - Maintenance job done ...
2019-12-24 12:28:08,100 [DefaultQuartzScheduler_Worker-4] INFO  EmailPushMaintener_SettlementLogger - <<<Maintenance Job Ended>>>
2019-12-24 12:29:00,010 [DefaultQuartzScheduler_Worker-8] INFO  EmailPushMaintener_SettlementLogger - <<<Maintenance Job Started>>>
2019-12-24 12:29:00,010 [DefaultQuartzScheduler_Worker-8] INFO  EmailPushMaintener_SettlementLogger - Maintenance job started ...
2019-12-24 12:29:08,914 [DefaultQuartzScheduler_Worker-8] INFO  EmailPushMaintener_SettlementLogger - Maintenance job done ...
2019-12-24 12:29:08,914 [DefaultQuartzScheduler_Worker-8] INFO  EmailPushMaintener_SettlementLogger - <<<Maintenance Job Ended>>>
2019-12-24 12:30:00,015 [DefaultQuartzScheduler_Worker-1] INFO  EmailPushMaintener_SettlementLogger - <<<Maintenance Job Started>>>
2019-12-24 12:30:00,015 [DefaultQuartzScheduler_Worker-1] INFO  EmailPushMaintener_SettlementLogger - Maintenance job started ...
2019-12-24 12:30:14,276 [DefaultQuartzScheduler_Worker-1] INFO  EmailPushMaintener_SettlementLogger - Maintenance job done ...
2019-12-24 12:30:14,276 [DefaultQuartzScheduler_Worker-1] INFO  EmailPushMaintener_SettlementLogger - <<<Maintenance Job Ended>>>
2019-12-24 12:31:00,018 [DefaultQuartzScheduler_Worker-7] INFO  EmailPushMaintener_SettlementLogger - <<<Maintenance Job Started>>>
2019-12-24 12:31:00,018 [DefaultQuartzScheduler_Worker-7] INFO  EmailPushMaintener_SettlementLogger - Maintenance job started ...
2019-12-24 12:31:10,095 [DefaultQuartzScheduler_Worker-7] INFO  EmailPushMaintener_SettlementLogger - Maintenance job done ...
2019-12-24 12:31:10,095 [DefaultQuartzScheduler_Worker-7] INFO  EmailPushMaintener_SettlementLogger - <<<Maintenance Job Ended>>>
2019-12-24 12:32:00,014 [DefaultQuartzScheduler_Worker-6] INFO  EmailPushMaintener_SettlementLogger - <<<Maintenance Job Started>>>
2019-12-24 12:32:00,014 [DefaultQuartzScheduler_Worker-6] INFO  EmailPushMaintener_SettlementLogger - Maintenance job started ...
2019-12-24 12:32:14,840 [DefaultQuartzScheduler_Worker-6] INFO  EmailPushMaintener_SettlementLogger - Maintenance job done ...
2019-12-24 12:32:14,840 [DefaultQuartzScheduler_Worker-6] INFO  EmailPushMaintener_SettlementLogger - <<<Maintenance Job Ended>>>
2019-12-24 12:33:00,014 [DefaultQuartzScheduler_Worker-2] INFO  EmailPushMaintener_SettlementLogger - <<<Maintenance Job Started>>>
2019-12-24 12:33:00,014 [DefaultQuartzScheduler_Worker-2] INFO  EmailPushMaintener_SettlementLogger - Maintenance job started ...
2019-12-24 12:33:06,982 [DefaultQuartzScheduler_Worker-2] INFO  EmailPushMaintener_SettlementLogger - Maintenance job done ...
2019-12-24 12:33:06,982 [DefaultQuartzScheduler_Worker-2] INFO  EmailPushMaintener_SettlementLogger - <<<Maintenance Job Ended>>>
2019-12-24 12:34:00,011 [DefaultQuartzScheduler_Worker-8] INFO  EmailPushMaintener_SettlementLogger - <<<Maintenance Job Started>>>
2019-12-24 12:34:00,011 [DefaultQuartzScheduler_Worker-8] INFO  EmailPushMaintener_SettlementLogger - Maintenance job started ...
2019-12-24 12:34:05,908 [DefaultQuartzScheduler_Worker-8] INFO  EmailPushMaintener_SettlementLogger - Maintenance job done ...
2019-12-24 12:34:05,908 [DefaultQuartzScheduler_Worker-8] INFO  EmailPushMaintener_SettlementLogger - <<<Maintenance Job Ended>>>
2019-12-24 12:35:00,016 [DefaultQuartzScheduler_Worker-9] INFO  EmailPushMaintener_SettlementLogger - <<<Maintenance Job Started>>>
2019-12-24 12:35:00,016 [DefaultQuartzScheduler_Worker-9] INFO  EmailPushMaintener_SettlementLogger - Maintenance job started ...
2019-12-24 12:35:04,157 [DefaultQuartzScheduler_Worker-9] INFO  EmailPushMaintener_SettlementLogger - Maintenance job done ...
2019-12-24 12:35:04,157 [DefaultQuartzScheduler_Worker-9] INFO  EmailPushMaintener_SettlementLogger - <<<Maintenance Job Ended>>>
